<?xml version="1.0" encoding="UTF-8"?>
<!-- Generated by org.testng.reporters.JUnitReportReporter -->
<testsuite hostname="Abhishek_2" failures="0" tests="1" name="ConfigurationAnnotation.Demo" time="0.008" errors="0" timestamp="2025-06-05T07:32:23 IST" skipped="0">
  <testcase classname="ConfigurationAnnotation.Demo" name="f" time="0.008">
    <system-out>
      <![CDATA[Test cases executed]]>
    </system-out>
  </testcase> <!-- f -->
  <system-out>
    <![CDATA[Before Suit 
before Test
Before class
Before method 
Test cases executed
After method
After class
after test
After suit]]>
  </system-out>
</testsuite> <!-- ConfigurationAnnotation.Demo -->
