<?xml version="1.0" encoding="UTF-8"?>
<!-- Generated by org.testng.reporters.JUnitReportReporter -->
<testsuite hostname="DESKTOP-AOMMAF5" failures="0" tests="1" name="GroupSuit.Demo1" time="9.824" errors="0" timestamp="2025-06-08T14:18:05 IST" skipped="0">
  <testcase classname="GroupSuit.Demo1" name="amazon" time="9.824"/>
</testsuite> <!-- GroupSuit.Demo1 -->
