<?xml version="1.0" encoding="UTF-8"?>
<!-- Generated by org.testng.reporters.JUnitReportReporter -->
<testsuite hostname="Abhishek_2" failures="0" tests="2" name="HandlerAttributeTestNg.InvocationCount" time="9.437" errors="0" timestamp="2025-06-04T07:30:45 IST" skipped="0">
  <testcase classname="HandlerAttributeTestNg.InvocationCount" name="test" time="4.797">
    <system-out>
      <![CDATA[Login Successfully]]>
    </system-out>
  </testcase> <!-- test -->
  <testcase classname="HandlerAttributeTestNg.InvocationCount" name="test" time="4.640">
    <system-out>
      <![CDATA[Login Successfully]]>
    </system-out>
  </testcase> <!-- test -->
  <system-out>
    <![CDATA[a4 executed 
a7 executed 
a4 executed 
a7 executed 
a3 executed 
a5 executed 
Create acc
editAcc acc
deleteAcc acc
Login Successfully
Login Successfully
Login Successfully
Login Successfully
Login Successfully
Login Successfully
Login Successfully
Login Successfully]]>
  </system-out>
</testsuite> <!-- HandlerAttributeTestNg.InvocationCount -->
