<?xml version="1.0" encoding="UTF-8"?>
<!-- Generated by org.testng.reporters.JUnitReportReporter -->
<testsuite hostname="Abhishek_2" failures="0" tests="3" name="TestNgPractice.Demo" time="0.019" errors="0" timestamp="2025-06-02T08:29:22 IST" skipped="0">
  <testcase classname="TestNgPractice.Demo" name="a5" time="0.003">
    <system-out>
      <![CDATA[a5 executed ]]>
    </system-out>
  </testcase> <!-- a5 -->
  <testcase classname="TestNgPractice.Demo" name="a7" time="0.001">
    <system-out>
      <![CDATA[a7 executed ]]>
    </system-out>
  </testcase> <!-- a7 -->
  <testcase classname="TestNgPractice.Demo" name="a3" time="0.015">
    <system-out>
      <![CDATA[a3 executed ]]>
    </system-out>
  </testcase> <!-- a3 -->
  <system-out>
    <![CDATA[a3 executed 
a5 executed 
a7 executed ]]>
  </system-out>
</testsuite> <!-- TestNgPractice.Demo -->
