<?xml version="1.0" encoding="UTF-8"?>
<!-- Generated by org.testng.reporters.JUnitReportReporter -->
<testsuite hostname="DESKTOP-AOMMAF5" failures="0" tests="1" name="GroupSuit.Demo2" time="6.315" errors="0" timestamp="2025-06-08T14:24:28 IST" skipped="0">
  <testcase classname="GroupSuit.Demo2" name="demoWeb" time="6.315"/>
</testsuite> <!-- GroupSuit.Demo2 -->
