<?xml version="1.0" encoding="UTF-8"?>
<!-- Generated by org.testng.reporters.JUnitReportReporter -->
<testsuite hostname="Abhishek_2" failures="0" tests="4" name="HandlerAttributeTestNg.Priority" time="0.010" errors="0" timestamp="2025-06-04T07:30:45 IST" skipped="0">
  <testcase classname="HandlerAttributeTestNg.Priority" name="a4" time="0.001">
    <system-out>
      <![CDATA[a4 executed ]]>
    </system-out>
  </testcase> <!-- a4 -->
  <testcase classname="HandlerAttributeTestNg.Priority" name="a7" time="0.003">
    <system-out>
      <![CDATA[a7 executed ]]>
    </system-out>
  </testcase> <!-- a7 -->
  <testcase classname="HandlerAttributeTestNg.Priority" name="a3" time="0.003">
    <system-out>
      <![CDATA[a3 executed ]]>
    </system-out>
  </testcase> <!-- a3 -->
  <testcase classname="HandlerAttributeTestNg.Priority" name="a5" time="0.003">
    <system-out>
      <![CDATA[a5 executed ]]>
    </system-out>
  </testcase> <!-- a5 -->
  <system-out>
    <![CDATA[a4 executed 
a7 executed 
a4 executed 
a7 executed 
a3 executed 
a5 executed 
Create acc
editAcc acc
deleteAcc acc
Login Successfully
Login Successfully
Login Successfully
Login Successfully
Login Successfully
Login Successfully
Login Successfully
Login Successfully]]>
  </system-out>
</testsuite> <!-- HandlerAttributeTestNg.Priority -->
