<?xml version="1.0" encoding="UTF-8"?>
<!-- Generated by org.testng.reporters.JUnitReportReporter -->
<testsuite hostname="DESKTOP-AOMMAF5" failures="0" tests="1" name="AssertionDemo.SoftAssertTest" time="5.490" errors="0" timestamp="2025-06-08T14:27:33 IST" skipped="0">
  <testcase classname="AssertionDemo.SoftAssertTest" name="login" time="5.490"/>
</testsuite> <!-- AssertionDemo.SoftAssertTest -->
