<?xml version="1.0" encoding="UTF-8"?>
<!-- Generated by org.testng.reporters.JUnitReportReporter -->
<testsuite hostname="Abhishek_2" failures="0" tests="2" name="ConfigurationAnnotation.Demo2" time="0.343" errors="0" timestamp="2025-06-05T08:12:19 IST" skipped="0">
  <testcase classname="ConfigurationAnnotation.Demo2" name="TC002" time="0.159">
    <system-out>
      <![CDATA[TC002 exeuted ]]>
    </system-out>
  </testcase> <!-- TC002 -->
  <testcase classname="ConfigurationAnnotation.Demo2" name="TC001" time="0.184">
    <system-out>
      <![CDATA[TC001 exeuted ]]>
    </system-out>
  </testcase> <!-- TC001 -->
  <system-out>
    <![CDATA[Data bases conctivity open
pre condition 
Opening browser
Login action 
TC001 exeuted 
Logout action 
Login action 
TC002 exeuted 
Logout action 
Closing browser
post condition 
Close the connection]]>
  </system-out>
</testsuite> <!-- ConfigurationAnnotation.Demo2 -->
