<?xml version="1.0" encoding="UTF-8"?>
<!-- Generated by org.testng.reporters.JUnitReportReporter -->
<testsuite hostname="DESKTOP-AOMMAF5" failures="0" tests="1" name="AssertionDemo.Assertions" time="4.367" errors="0" timestamp="2025-06-08T14:28:10 IST" skipped="0">
  <testcase classname="AssertionDemo.Assertions" name="login" time="4.367"/>
</testsuite> <!-- AssertionDemo.Assertions -->
