<?xml version="1.0" encoding="UTF-8"?>
<!-- Generated by org.testng.reporters.JUnitReportReporter -->
<testsuite hostname="Abhishek_2" failures="0" tests="1" name="GroupSuit.Demo3" time="9.395" errors="0" timestamp="2025-06-04T08:33:31 IST" skipped="0">
  <testcase classname="GroupSuit.Demo3" name="MakeMyTrip" time="9.395"/>
</testsuite> <!-- GroupSuit.Demo3 -->
