<?xml version="1.0" encoding="UTF-8"?>
<!-- Generated by org.testng.reporters.JUnitReportReporter -->
<testsuite hostname="Abhishek_2" failures="0" tests="3" name="HandlerAttributeTestNg.Dependson" time="0.007" errors="0" timestamp="2025-06-04T07:30:45 IST" skipped="0">
  <testcase classname="HandlerAttributeTestNg.Dependson" name="deleteAcc" time="0.002">
    <system-out>
      <![CDATA[deleteAcc acc]]>
    </system-out>
  </testcase> <!-- deleteAcc -->
  <testcase classname="HandlerAttributeTestNg.Dependson" name="creatAc" time="0.002">
    <system-out>
      <![CDATA[Create acc]]>
    </system-out>
  </testcase> <!-- creatAc -->
  <testcase classname="HandlerAttributeTestNg.Dependson" name="editAcc" time="0.003">
    <system-out>
      <![CDATA[editAcc acc]]>
    </system-out>
  </testcase> <!-- editAcc -->
  <system-out>
    <![CDATA[a4 executed 
a7 executed 
a4 executed 
a7 executed 
a3 executed 
a5 executed 
Create acc
editAcc acc
deleteAcc acc
Login Successfully
Login Successfully
Login Successfully
Login Successfully
Login Successfully
Login Successfully
Login Successfully
Login Successfully]]>
  </system-out>
</testsuite> <!-- HandlerAttributeTestNg.Dependson -->
