<?xml version="1.0" encoding="UTF-8"?>
<!-- Generated by org.testng.reporters.JUnitReportReporter -->
<testsuite hostname="Abhishek_2" failures="0" tests="1" name="ParellSuit.Demo1" time="11.835" errors="0" timestamp="2025-06-04T07:58:27 IST" skipped="0">
  <testcase classname="ParellSuit.Demo1" name="amazon" time="11.835"/>
</testsuite> <!-- ParellSuit.Demo1 -->
